c:\users\blaze\desktop\git\primenumbercalculator\primenumberalgorithmasm\x64\release\pna-asm.pch
c:\users\blaze\desktop\git\primenumbercalculator\primenumberalgorithmasm\x64\release\vc142.pdb
c:\users\blaze\desktop\git\primenumbercalculator\primenumberalgorithmasm\x64\release\pch.obj
c:\users\blaze\desktop\git\primenumbercalculator\primenumberalgorithmasm\x64\release\dllmain.obj
c:\users\blaze\desktop\git\primenumbercalculator\build\pna-asm.dll
c:\users\blaze\desktop\git\primenumbercalculator\build\pna-asm.pdb
c:\users\blaze\desktop\git\primenumbercalculator\primenumberalgorithmasm\x64\release\algorithm.obj
c:\users\blaze\desktop\git\primenumbercalculator\build\pna-asm.lib
c:\users\blaze\desktop\git\primenumbercalculator\build\pna-asm.exp
c:\users\blaze\desktop\git\primenumbercalculator\build\pna-asm.ipdb
c:\users\blaze\desktop\git\primenumbercalculator\build\pna-asm.iobj
c:\users\blaze\desktop\git\primenumbercalculator\primenumberalgorithmasm\x64\release\primenum.9e0a9794.tlog\cl.command.1.tlog
c:\users\blaze\desktop\git\primenumbercalculator\primenumberalgorithmasm\x64\release\primenum.9e0a9794.tlog\cl.read.1.tlog
c:\users\blaze\desktop\git\primenumbercalculator\primenumberalgorithmasm\x64\release\primenum.9e0a9794.tlog\cl.write.1.tlog
c:\users\blaze\desktop\git\primenumbercalculator\primenumberalgorithmasm\x64\release\primenum.9e0a9794.tlog\link.command.1.tlog
c:\users\blaze\desktop\git\primenumbercalculator\primenumberalgorithmasm\x64\release\primenum.9e0a9794.tlog\link.read.1.tlog
c:\users\blaze\desktop\git\primenumbercalculator\primenumberalgorithmasm\x64\release\primenum.9e0a9794.tlog\link.write.1.tlog
c:\users\blaze\desktop\git\primenumbercalculator\primenumberalgorithmasm\x64\release\primenum.9e0a9794.tlog\masm.read.1u.tlog
c:\users\blaze\desktop\git\primenumbercalculator\primenumberalgorithmasm\x64\release\primenum.9e0a9794.tlog\masm.write.1u.tlog
c:\users\blaze\desktop\git\primenumbercalculator\primenumberalgorithmasm\x64\release\primenum.9e0a9794.tlog\primenumberalgorithmasm.write.1u.tlog
